2019-08-20 07:51:38,144 INFO Starting Nacos v1.1.3 on BK8PV7U2HGYG4TX with PID 10964 (C:\Users\Administrator\Desktop\spring-could\nacos\target\nacos-server.jar started by Administrator in C:\Users\Administrator\Desktop\spring-could\nacos\bin)

2019-08-20 07:51:38,151 INFO The following profiles are active: standalone

2019-08-20 07:51:40,657 INFO Bean 'org.springframework.security.config.annotation.configuration.ObjectPostProcessorConfiguration' of type [org.springframework.security.config.annotation.configuration.ObjectPostProcessorConfiguration$$EnhancerBySpringCGLIB$$4602194c] is not eligible for getting processed by all BeanPostProcessors (for example: not eligible for auto-proxying)

2019-08-20 07:51:40,756 INFO Bean 'objectPostProcessor' of type [org.springframework.security.config.annotation.configuration.AutowireBeanFactoryObjectPostProcessor] is not eligible for getting processed by all BeanPostProcessors (for example: not eligible for auto-proxying)

2019-08-20 07:51:40,760 INFO Bean 'org.springframework.security.access.expression.method.DefaultMethodSecurityExpressionHandler@117159c0' of type [org.springframework.security.access.expression.method.DefaultMethodSecurityExpressionHandler] is not eligible for getting processed by all BeanPostProcessors (for example: not eligible for auto-proxying)

2019-08-20 07:51:40,764 INFO Bean 'org.springframework.security.config.annotation.method.configuration.GlobalMethodSecurityConfiguration' of type [org.springframework.security.config.annotation.method.configuration.GlobalMethodSecurityConfiguration$$EnhancerBySpringCGLIB$$6ad6bbfe] is not eligible for getting processed by all BeanPostProcessors (for example: not eligible for auto-proxying)

2019-08-20 07:51:40,768 INFO Bean 'methodSecurityMetadataSource' of type [org.springframework.security.access.method.DelegatingMethodSecurityMetadataSource] is not eligible for getting processed by all BeanPostProcessors (for example: not eligible for auto-proxying)

2019-08-20 07:51:41,805 INFO Tomcat initialized with port(s): 8848 (http)

2019-08-20 07:51:41,841 INFO Starting service [Tomcat]

2019-08-20 07:51:41,842 INFO Starting Servlet Engine: Apache Tomcat/9.0.13

2019-08-20 07:51:41,858 INFO The APR based Apache Tomcat Native library which allows optimal performance in production environments was not found on the java.library.path: [D:\jdk1.8\bin;C:\WINDOWS\Sun\Java\bin;C:\WINDOWS\system32;C:\WINDOWS;C:\Program Files (x86)\NetSarang\Xshell 6\;C:\Program Files (x86)\NetSarang\Xftp 6\;C:\Program Files (x86)\NVIDIA Corporation\PhysX\Common;C:\Program Files (x86)\Common Files\Oracle\Java\javapath;C:\ProgramData\Anaconda3;C:\ProgramData\Anaconda3\Library\mingw-w64\bin;C:\ProgramData\Anaconda3\Library\usr\bin;C:\ProgramData\Anaconda3\Library\bin;C:\ProgramData\Anaconda3\Scripts;C:\Windows\system32;C:\Windows;C:\Windows\System32\Wbem;C:\Windows\System32\WindowsPowerShell\v1.0\;"C:\Program Files (x86)\NVIDIA Corporation\PhysX\Common;";D:\jdk1.8\bin;D:\jdk1.8\jre\bin;D:\hadoop-2.7.6\bin;C:\Program Files\Microsoft VS Code\bin;C:\Users\Administrator\AppData\Local\Programs\Appium;C:\WINDOWS\system32;C:\WINDOWS;C:\WINDOWS\System32\Wbem;C:\WINDOWS\System32\WindowsPowerShell\v1.0\;C:\WINDOWS\System32\OpenSSH\;D:\SF\;C:\Program Files\MySQL\MySQL Server 5.7\bin;C:\Program Files\Git\cmd;%CATALINA_HOME%\lib;%CATALINA_HOME%\bin;D:\redis\;D:\SF\Ruby25-x64\bin;C:\Users\Administrator\AppData\Local\Microsoft\WindowsApps;C:\Program Files\Microsoft VS Code\bin;C:\Users\Administrator\AppData\Local\Programs\Fiddler;D:\AndroidSdk\platform-tools;D:\AndroidSdk\build-tools\28.0.2\aapt.exe;C:\Users\Administrator\AppData\Local\GitHubDesktop\bin;C:\Users\Administrator\AppData\Roaming\npm;C:\Program Files\JetBrains\IntelliJ IDEA 2018.3.3\bin;;C:\Program Files\Bandizip\;D:\SF\Docker Toolbox;D:\SF\PhantomJS\bin;C:\Users\Administrator\AppData\Local\Microsoft\WindowsApps;D:\SF\Microsoft VS Code Insiders\bin;E:\MavenRepository\apache-maven-3.6.1\bin;;.]

2019-08-20 07:51:41,976 INFO Initializing Spring embedded WebApplicationContext

2019-08-20 07:51:41,976 INFO Root WebApplicationContext: initialization completed in 3772 ms

2019-08-20 07:51:45,334 INFO Use Mysql as the driver

2019-08-20 07:51:45,716 INFO Initializing ExecutorService 'applicationTaskExecutor'

2019-08-20 07:51:46,081 INFO Adding welcome page: class path resource [static/index.html]

2019-08-20 07:51:46,450 INFO Creating filter chain: Ant [pattern='/'], []

2019-08-20 07:51:46,451 INFO Creating filter chain: Ant [pattern='/**/*.css'], []

2019-08-20 07:51:46,451 INFO Creating filter chain: Ant [pattern='/**/*.js'], []

2019-08-20 07:51:46,452 INFO Creating filter chain: Ant [pattern='/**/*.html'], []

2019-08-20 07:51:46,452 INFO Creating filter chain: Ant [pattern='/**/*.map'], []

2019-08-20 07:51:46,452 INFO Creating filter chain: Ant [pattern='/**/*.svg'], []

2019-08-20 07:51:46,452 INFO Creating filter chain: Ant [pattern='/**/*.png'], []

2019-08-20 07:51:46,452 INFO Creating filter chain: Ant [pattern='/**/*.ico'], []

2019-08-20 07:51:46,453 INFO Creating filter chain: Ant [pattern='/console-fe/public/**'], []

2019-08-20 07:51:46,453 INFO Creating filter chain: Ant [pattern='/v1/auth/login'], []

2019-08-20 07:51:46,453 INFO Creating filter chain: Ant [pattern='/v1/console/health/**'], []

2019-08-20 07:51:46,454 INFO Creating filter chain: Ant [pattern='/v1/cs/**'], []

2019-08-20 07:51:46,454 INFO Creating filter chain: Ant [pattern='/v1/ns/**'], []

2019-08-20 07:51:46,454 INFO Creating filter chain: Ant [pattern='/v1/cmdb/**'], []

2019-08-20 07:51:46,454 INFO Creating filter chain: Ant [pattern='/actuator/**'], []

2019-08-20 07:51:46,455 INFO Creating filter chain: Ant [pattern='/v1/console/server/**'], []

2019-08-20 07:51:46,487 INFO Creating filter chain: any request, [org.springframework.security.web.context.request.async.WebAsyncManagerIntegrationFilter@a4ca3f6, org.springframework.security.web.context.SecurityContextPersistenceFilter@5c153b9e, org.springframework.security.web.header.HeaderWriterFilter@13f17eb4, org.springframework.security.web.authentication.logout.LogoutFilter@5644dc81, com.alibaba.nacos.console.filter.JwtAuthenticationTokenFilter@72ea6193, org.springframework.security.web.savedrequest.RequestCacheAwareFilter@758a34ce, org.springframework.security.web.servletapi.SecurityContextHolderAwareRequestFilter@1522d8a0, org.springframework.security.web.authentication.AnonymousAuthenticationFilter@31aa3ca5, org.springframework.security.web.session.SessionManagementFilter@4bc28c33, org.springframework.security.web.access.ExceptionTranslationFilter@62f68dff, org.springframework.security.web.access.intercept.FilterSecurityInterceptor@774698ab]

2019-08-20 07:51:46,522 INFO Exposing 2 endpoint(s) beneath base path '/actuator'

2019-08-20 07:51:46,550 INFO Initializing ExecutorService 'taskScheduler'

2019-08-20 07:51:46,650 INFO Tomcat started on port(s): 8848 (http) with context path '/nacos'

2019-08-20 07:51:46,659 INFO Started Nacos in 10.042 seconds (JVM running for 10.994)

2019-08-20 07:51:46,659 INFO Nacos Log files: C:\Users\Administrator\Desktop\spring-could\nacos/logs/

2019-08-20 07:51:46,662 INFO Nacos Conf files: C:\Users\Administrator\Desktop\spring-could\nacos/conf/

2019-08-20 07:51:46,662 INFO Nacos Data files: C:\Users\Administrator\Desktop\spring-could\nacos/data/

2019-08-20 07:51:46,662 INFO Nacos started successfully in stand alone mode.

2019-08-20 07:51:47,163 INFO Initializing Spring DispatcherServlet 'dispatcherServlet'

2019-08-20 07:51:47,163 INFO Initializing Servlet 'dispatcherServlet'

2019-08-20 07:51:47,173 INFO Completed initialization in 10 ms

2019-08-20 07:52:50,215 INFO Expired JWT token.

2019-08-20 07:52:50,272 ERROR Responding with unauthorized error. Message - Full authentication is required to access this resource

2019-08-20 08:01:45,101 INFO [capacityManagement] start correct usage

2019-08-20 08:01:45,127 INFO [capacityManagement] end correct usage, cost: 0s

2019-08-20 08:01:45,324 WARN clearConfigHistory start

2019-08-20 08:11:45,128 INFO [capacityManagement] start correct usage

2019-08-20 08:11:45,129 INFO [capacityManagement] end correct usage, cost: 0s

2019-08-20 08:11:45,345 WARN clearConfigHistory start

2019-08-20 08:21:45,131 INFO [capacityManagement] start correct usage

2019-08-20 08:21:45,132 INFO [capacityManagement] end correct usage, cost: 0s

2019-08-20 08:21:45,347 WARN clearConfigHistory start

2019-08-20 08:31:45,133 INFO [capacityManagement] start correct usage

2019-08-20 08:31:45,133 INFO [capacityManagement] end correct usage, cost: 0s

2019-08-20 08:31:45,350 WARN clearConfigHistory start

2019-08-20 08:41:45,135 INFO [capacityManagement] start correct usage

2019-08-20 08:41:45,136 INFO [capacityManagement] end correct usage, cost: 0s

2019-08-20 08:41:45,351 WARN clearConfigHistory start

2019-08-20 08:51:45,139 INFO [capacityManagement] start correct usage

2019-08-20 08:51:45,140 INFO [capacityManagement] end correct usage, cost: 0s

2019-08-20 08:51:45,354 WARN clearConfigHistory start

2019-08-20 09:01:45,140 INFO [capacityManagement] start correct usage

2019-08-20 09:01:45,141 INFO [capacityManagement] end correct usage, cost: 0s

2019-08-20 09:01:45,356 WARN clearConfigHistory start

2019-08-20 09:11:45,142 INFO [capacityManagement] start correct usage

2019-08-20 09:11:45,143 INFO [capacityManagement] end correct usage, cost: 0s

2019-08-20 09:11:45,357 WARN clearConfigHistory start

2019-08-20 09:20:42,761 INFO Expired JWT token.

2019-08-20 09:20:42,764 ERROR Responding with unauthorized error. Message - Full authentication is required to access this resource

2019-08-20 09:21:45,144 INFO [capacityManagement] start correct usage

2019-08-20 09:21:45,145 INFO [capacityManagement] end correct usage, cost: 0s

2019-08-20 09:21:45,359 WARN clearConfigHistory start

2019-08-20 09:24:06,255 ERROR Responding with unauthorized error. Message - Full authentication is required to access this resource

2019-08-20 09:31:45,147 INFO [capacityManagement] start correct usage

2019-08-20 09:31:45,148 INFO [capacityManagement] end correct usage, cost: 0s

2019-08-20 09:31:45,360 WARN clearConfigHistory start

2019-08-20 09:41:45,150 INFO [capacityManagement] start correct usage

2019-08-20 09:41:45,151 INFO [capacityManagement] end correct usage, cost: 0s

2019-08-20 09:41:45,362 WARN clearConfigHistory start

2019-08-20 09:51:45,151 INFO [capacityManagement] start correct usage

2019-08-20 09:51:45,152 INFO [capacityManagement] end correct usage, cost: 0s

2019-08-20 09:51:45,364 WARN clearConfigHistory start

2019-08-20 10:01:45,154 INFO [capacityManagement] start correct usage

2019-08-20 10:01:45,156 INFO [capacityManagement] end correct usage, cost: 0s

2019-08-20 10:01:45,366 WARN clearConfigHistory start

2019-08-20 10:11:45,156 INFO [capacityManagement] start correct usage

2019-08-20 10:11:45,157 INFO [capacityManagement] end correct usage, cost: 0s

2019-08-20 10:11:45,368 WARN clearConfigHistory start

2019-08-20 10:21:45,160 INFO [capacityManagement] start correct usage

2019-08-20 10:21:45,161 INFO [capacityManagement] end correct usage, cost: 0s

2019-08-20 10:21:45,370 WARN clearConfigHistory start

2019-08-20 10:31:45,163 INFO [capacityManagement] start correct usage

2019-08-20 10:31:45,164 INFO [capacityManagement] end correct usage, cost: 0s

2019-08-20 10:31:45,371 WARN clearConfigHistory start

2019-08-20 10:41:45,165 INFO [capacityManagement] start correct usage

2019-08-20 10:41:45,166 INFO [capacityManagement] end correct usage, cost: 0s

2019-08-20 10:41:45,374 WARN clearConfigHistory start

2019-08-20 10:51:45,168 INFO [capacityManagement] start correct usage

2019-08-20 10:51:45,169 INFO [capacityManagement] end correct usage, cost: 0s

2019-08-20 10:51:45,376 WARN clearConfigHistory start

2019-08-20 11:01:45,171 INFO [capacityManagement] start correct usage

2019-08-20 11:01:45,172 INFO [capacityManagement] end correct usage, cost: 0s

2019-08-20 11:01:45,377 WARN clearConfigHistory start

2019-08-20 11:11:45,173 INFO [capacityManagement] start correct usage

2019-08-20 11:11:45,174 INFO [capacityManagement] end correct usage, cost: 0s

2019-08-20 11:11:45,380 WARN clearConfigHistory start

2019-08-20 11:21:45,175 INFO [capacityManagement] start correct usage

2019-08-20 11:21:45,176 INFO [capacityManagement] end correct usage, cost: 0s

2019-08-20 11:21:45,383 WARN clearConfigHistory start

2019-08-20 11:31:45,178 INFO [capacityManagement] start correct usage

2019-08-20 11:31:45,179 INFO [capacityManagement] end correct usage, cost: 0s

2019-08-20 11:31:45,386 WARN clearConfigHistory start

