2019-08-20 07:52:15,342 INFO PERFORMANCE:|1|1|-1|-1

2019-08-20 07:57:15,347 INFO PERFORMANCE:|1|1|-1|-1

2019-08-20 08:02:15,349 INFO PERFORMANCE:|2|2|-1|-1

2019-08-20 08:07:15,350 INFO PERFORMANCE:|2|2|-1|-1

2019-08-20 08:12:15,351 INFO PERFORMANCE:|2|2|-1|-1

2019-08-20 08:17:15,352 INFO PERFORMANCE:|2|2|-1|-1

2019-08-20 08:22:15,354 INFO PERFORMANCE:|2|2|-1|-1

2019-08-20 08:27:15,355 INFO PERFORMANCE:|2|2|-1|-1

2019-08-20 08:32:15,355 INFO PERFORMANCE:|2|2|-1|-1

2019-08-20 08:37:15,356 INFO PERFORMANCE:|2|2|-1|-1

2019-08-20 08:42:15,357 INFO PERFORMANCE:|2|2|-1|-1

2019-08-20 08:47:15,361 INFO PERFORMANCE:|2|2|-1|-1

2019-08-20 08:52:15,363 INFO PERFORMANCE:|2|2|-1|-1

2019-08-20 08:57:15,364 INFO PERFORMANCE:|2|2|-1|-1

2019-08-20 09:02:15,366 INFO PERFORMANCE:|2|2|-1|-1

2019-08-20 09:07:15,368 INFO PERFORMANCE:|2|0|-1|-1

2019-08-20 09:12:15,369 INFO PERFORMANCE:|2|0|-1|-1

2019-08-20 09:17:15,371 INFO PERFORMANCE:|2|0|-1|-1

2019-08-20 09:22:15,373 INFO PERFORMANCE:|2|0|-1|-1

2019-08-20 09:27:15,375 INFO PERFORMANCE:|2|1|-1|-1

2019-08-20 09:32:15,376 INFO PERFORMANCE:|2|2|-1|-1

2019-08-20 09:37:15,377 INFO PERFORMANCE:|2|2|-1|-1

2019-08-20 09:42:15,378 INFO PERFORMANCE:|2|2|-1|-1

2019-08-20 09:47:15,380 INFO PERFORMANCE:|2|2|-1|-1

2019-08-20 09:52:15,381 INFO PERFORMANCE:|2|2|-1|-1

2019-08-20 09:57:15,383 INFO PERFORMANCE:|2|2|-1|-1

2019-08-20 10:02:15,385 INFO PERFORMANCE:|2|2|-1|-1

2019-08-20 10:07:15,385 INFO PERFORMANCE:|2|2|-1|-1

2019-08-20 10:12:15,387 INFO PERFORMANCE:|2|2|-1|-1

2019-08-20 10:17:15,388 INFO PERFORMANCE:|2|2|-1|-1

2019-08-20 10:22:15,388 INFO PERFORMANCE:|2|2|-1|-1

2019-08-20 10:27:15,390 INFO PERFORMANCE:|2|2|-1|-1

2019-08-20 10:32:15,392 INFO PERFORMANCE:|2|2|-1|-1

2019-08-20 10:37:15,394 INFO PERFORMANCE:|2|2|-1|-1

2019-08-20 10:42:15,396 INFO PERFORMANCE:|2|2|-1|-1

2019-08-20 10:47:15,398 INFO PERFORMANCE:|2|2|-1|-1

2019-08-20 10:52:15,400 INFO PERFORMANCE:|2|0|-1|-1

2019-08-20 10:57:15,401 INFO PERFORMANCE:|2|0|-1|-1

2019-08-20 11:02:15,402 INFO PERFORMANCE:|2|0|-1|-1

2019-08-20 11:07:15,402 INFO PERFORMANCE:|2|0|-1|-1

2019-08-20 11:12:15,403 INFO PERFORMANCE:|2|0|-1|-1

2019-08-20 11:17:15,405 INFO PERFORMANCE:|2|0|-1|-1

2019-08-20 11:22:15,406 INFO PERFORMANCE:|2|0|-1|-1

2019-08-20 11:27:15,409 INFO PERFORMANCE:|2|0|-1|-1

2019-08-20 11:32:15,409 INFO PERFORMANCE:|2|0|-1|-1

